<?xml version="1.0" encoding="UTF-8"?>
<!-- Generated by org.testng.reporters.JUnitXMLReporter -->
<testsuite ignored="0" hostname="DESKTOP-TVKQ1TM" failures="0" tests="20" name="Test2" time="182.799" errors="0" timestamp="2024-08-01T23:09:43 IST">
  <testcase classname="testClasses.RegisterAPatientTextClass" name="verifyToSelecttheButtonToGoToRegiterAPatientPage" time="13.514"/>
  <testcase classname="testClasses.HomePageTextClass" name="verifyRegisterAPatientLinkIeDisplayedOnHomePage" time="2.066"/>
  <testcase classname="testClasses.PatientDetailsTests" name="verifySearchFunctionality" time="4.684"/>
  <testcase classname="testClasses.LoginPageTextClass" name="verifyTheExpectedPageisOpensWhileHittingTheUrl" time="0.015"/>
  <testcase classname="testClasses.HomePageTextClass" name="verifyFindPatientRecordLinkIsDisplayed" time="2.28"/>
  <testcase classname="testClasses.PatientDetailsTests" name="verifyNavigationToFindPatientRecordPage" time="5.092"/>
  <testcase classname="testClasses.LoginPageTextClass" name="veryfyLogoIsDisplayedOrNotInLoginPage" time="0.116"/>
  <testcase classname="testClasses.PatientDetailsTests" name="testFindPatientByIdentifier" time="4.744"/>
  <testcase classname="testClasses.HomePageTextClass" name="verifyLogoutFunctionality" time="4.143"/>
  <testcase classname="testClasses.LoginPageTextClass" name="verifySuccesfullogin" time="2.095"/>
  <testcase classname="testClasses.PatientDetailsTests" name="testFindPatientByName" time="4.833"/>
  <testcase classname="testClasses.HomePageTextClass" name="verifyAdminDropdownMyAccountAndHomeIcon" time="3.318"/>
  <testcase classname="testClasses.LoginPageTextClass" name="verifyUnsuccessfulLogin" time="2.015"/>
  <testcase classname="testClasses.LoginPageTextClass" name="verifyUnsuccessfulLogin" time="1.41"/>
  <testcase classname="testClasses.LoginPageTextClass" name="verifyUnsuccessfulLogin" time="1.765"/>
  <testcase classname="testClasses.PatientDetailsTests" name="testFindPatientAndVerifyGender" time="4.627"/>
  <testcase classname="testClasses.LoginPageTextClass" name="verifyAllLocationSessionsAreDisplayedOrNotInLoginPage" time="0.091"/>
  <testcase classname="testClasses.PatientDetailsTests" name="testFindPatientAndVerifyAge" time="4.437"/>
  <testcase classname="testClasses.PatientDetailsTests" name="testFindPatientCaseInsensitive" time="5.093"/>
  <testcase classname="testClasses.PatientDetailsTests" name="testFindPatientPartialName" time="4.354"/>
</testsuite> <!-- Test2 -->
