<?xml version="1.0" encoding="UTF-8"?>
<!-- Generated by org.testng.reporters.JUnitXMLReporter -->
<testsuite ignored="0" hostname="DESKTOP-TVKQ1TM" failures="0" tests="20" name="Test1" time="179.987" errors="0" timestamp="2024-08-01T23:09:40 IST">
  <testcase classname="testClasses.RegisterAPatientTextClass" name="verifyToSelecttheButtonToGoToRegiterAPatientPage" time="15.57"/>
  <testcase classname="testClasses.HomePageTextClass" name="verifyRegisterAPatientLinkIeDisplayedOnHomePage" time="2.067"/>
  <testcase classname="testClasses.PatientDetailsTests" name="verifySearchFunctionality" time="4.6"/>
  <testcase classname="testClasses.LoginPageTextClass" name="verifyTheExpectedPageisOpensWhileHittingTheUrl" time="0.019"/>
  <testcase classname="testClasses.HomePageTextClass" name="verifyFindPatientRecordLinkIsDisplayed" time="2.236"/>
  <testcase classname="testClasses.PatientDetailsTests" name="verifyNavigationToFindPatientRecordPage" time="4.607"/>
  <testcase classname="testClasses.LoginPageTextClass" name="veryfyLogoIsDisplayedOrNotInLoginPage" time="0.044"/>
  <testcase classname="testClasses.PatientDetailsTests" name="testFindPatientByIdentifier" time="4.51"/>
  <testcase classname="testClasses.HomePageTextClass" name="verifyLogoutFunctionality" time="4.053"/>
  <testcase classname="testClasses.LoginPageTextClass" name="verifySuccesfullogin" time="2.049"/>
  <testcase classname="testClasses.PatientDetailsTests" name="testFindPatientByName" time="4.422"/>
  <testcase classname="testClasses.HomePageTextClass" name="verifyAdminDropdownMyAccountAndHomeIcon" time="3.502"/>
  <testcase classname="testClasses.LoginPageTextClass" name="verifyUnsuccessfulLogin" time="1.443"/>
  <testcase classname="testClasses.LoginPageTextClass" name="verifyUnsuccessfulLogin" time="1.265"/>
  <testcase classname="testClasses.LoginPageTextClass" name="verifyUnsuccessfulLogin" time="1.391"/>
  <testcase classname="testClasses.PatientDetailsTests" name="testFindPatientAndVerifyGender" time="4.985"/>
  <testcase classname="testClasses.LoginPageTextClass" name="verifyAllLocationSessionsAreDisplayedOrNotInLoginPage" time="0.05"/>
  <testcase classname="testClasses.PatientDetailsTests" name="testFindPatientAndVerifyAge" time="4.368"/>
  <testcase classname="testClasses.PatientDetailsTests" name="testFindPatientCaseInsensitive" time="5.036"/>
  <testcase classname="testClasses.PatientDetailsTests" name="testFindPatientPartialName" time="4.543"/>
</testsuite> <!-- Test1 -->
