<?xml version="1.0" encoding="UTF-8"?>
<!-- Generated by org.testng.reporters.JUnitXMLReporter -->
<testsuite ignored="0" hostname="DESKTOP-TVKQ1TM" failures="0" tests="4" name="Test1" time="60.923" errors="0" timestamp="2024-08-01T23:02:08 IST">
  <testcase classname="testClasses.HomePageTextClass" name="verifyRegisterAPatientLinkIeDisplayedOnHomePage" time="5.156"/>
  <testcase classname="testClasses.HomePageTextClass" name="verifyFindPatientRecordLinkIsDisplayed" time="4.942"/>
  <testcase classname="testClasses.HomePageTextClass" name="verifyLogoutFunctionality" time="4.208"/>
  <testcase classname="testClasses.HomePageTextClass" name="verifyAdminDropdownMyAccountAndHomeIcon" time="4.998"/>
</testsuite> <!-- Test1 -->
