<?xml version="1.0" encoding="UTF-8"?>
<!-- Generated by org.testng.reporters.JUnitXMLReporter -->
<testsuite ignored="0" hostname="DESKTOP-TVKQ1TM" failures="0" tests="7" name="Test2" time="69.278" errors="0" timestamp="2024-08-01T23:02:16 IST">
  <testcase classname="testClasses.LoginPageTextClass" name="verifyTheExpectedPageisOpensWhileHittingTheUrl" time="0.096"/>
  <testcase classname="testClasses.LoginPageTextClass" name="veryfyLogoIsDisplayedOrNotInLoginPage" time="0.106"/>
  <testcase classname="testClasses.LoginPageTextClass" name="verifySuccesfullogin" time="2.27"/>
  <testcase classname="testClasses.LoginPageTextClass" name="verifyUnsuccessfulLogin" time="1.556"/>
  <testcase classname="testClasses.LoginPageTextClass" name="verifyUnsuccessfulLogin" time="1.506"/>
  <testcase classname="testClasses.LoginPageTextClass" name="verifyUnsuccessfulLogin" time="1.364"/>
  <testcase classname="testClasses.LoginPageTextClass" name="verifyAllLocationSessionsAreDisplayedOrNotInLoginPage" time="0.053"/>
</testsuite> <!-- Test2 -->
