<?xml version="1.0" encoding="UTF-8"?>
<!-- Generated by org.testng.reporters.JUnitXMLReporter -->
<testsuite ignored="0" hostname="DESKTOP-TVKQ1TM" failures="0" tests="8" name="Test4" time="104.39" errors="0" timestamp="2024-08-01T23:02:51 IST">
  <testcase classname="testClasses.PatientDetailsTests" name="verifySearchFunctionality" time="9.226"/>
  <testcase classname="testClasses.PatientDetailsTests" name="verifyNavigationToFindPatientRecordPage" time="6.552"/>
  <testcase classname="testClasses.PatientDetailsTests" name="testFindPatientByIdentifier" time="6.12"/>
  <testcase classname="testClasses.PatientDetailsTests" name="testFindPatientByName" time="4.644"/>
  <testcase classname="testClasses.PatientDetailsTests" name="testFindPatientAndVerifyGender" time="4.7"/>
  <testcase classname="testClasses.PatientDetailsTests" name="testFindPatientAndVerifyAge" time="4.717"/>
  <testcase classname="testClasses.PatientDetailsTests" name="testFindPatientCaseInsensitive" time="4.534"/>
  <testcase classname="testClasses.PatientDetailsTests" name="testFindPatientPartialName" time="4.246"/>
</testsuite> <!-- Test4 -->
