<?xml version="1.0" encoding="UTF-8"?>
<!-- Generated by org.testng.reporters.JUnitXMLReporter -->
<testsuite ignored="0" hostname="DESKTOP-TVKQ1TM" failures="0" tests="20" name="Test" time="168.349" errors="0" timestamp="2024-08-01T23:06:22 IST">
  <testcase classname="testClasses.HomePageTextClass" name="verifyRegisterAPatientLinkIeDisplayedOnHomePage" time="3.571"/>
  <testcase classname="testClasses.HomePageTextClass" name="verifyFindPatientRecordLinkIsDisplayed" time="1.918"/>
  <testcase classname="testClasses.HomePageTextClass" name="verifyLogoutFunctionality" time="3.387"/>
  <testcase classname="testClasses.HomePageTextClass" name="verifyAdminDropdownMyAccountAndHomeIcon" time="3.024"/>
  <testcase classname="testClasses.LoginPageTextClass" name="verifyTheExpectedPageisOpensWhileHittingTheUrl" time="0.014"/>
  <testcase classname="testClasses.LoginPageTextClass" name="veryfyLogoIsDisplayedOrNotInLoginPage" time="0.047"/>
  <testcase classname="testClasses.LoginPageTextClass" name="verifySuccesfullogin" time="1.916"/>
  <testcase classname="testClasses.LoginPageTextClass" name="verifyUnsuccessfulLogin" time="1.258"/>
  <testcase classname="testClasses.LoginPageTextClass" name="verifyUnsuccessfulLogin" time="1.242"/>
  <testcase classname="testClasses.LoginPageTextClass" name="verifyUnsuccessfulLogin" time="1.239"/>
  <testcase classname="testClasses.LoginPageTextClass" name="verifyAllLocationSessionsAreDisplayedOrNotInLoginPage" time="0.052"/>
  <testcase classname="testClasses.RegisterAPatientTextClass" name="verifyToSelecttheButtonToGoToRegiterAPatientPage" time="12.446"/>
  <testcase classname="testClasses.PatientDetailsTests" name="verifySearchFunctionality" time="5.001"/>
  <testcase classname="testClasses.PatientDetailsTests" name="verifyNavigationToFindPatientRecordPage" time="4.955"/>
  <testcase classname="testClasses.PatientDetailsTests" name="testFindPatientByIdentifier" time="4.809"/>
  <testcase classname="testClasses.PatientDetailsTests" name="testFindPatientByName" time="4.671"/>
  <testcase classname="testClasses.PatientDetailsTests" name="testFindPatientAndVerifyGender" time="4.418"/>
  <testcase classname="testClasses.PatientDetailsTests" name="testFindPatientAndVerifyAge" time="4.958"/>
  <testcase classname="testClasses.PatientDetailsTests" name="testFindPatientCaseInsensitive" time="4.879"/>
  <testcase classname="testClasses.PatientDetailsTests" name="testFindPatientPartialName" time="4.664"/>
</testsuite> <!-- Test -->
